<?xml version="1.0" encoding="UTF-8"?>
<!-- Generated by org.testng.reporters.JUnitXMLReporter -->
<testsuite ignored="0" hostname="DESKTOP-ACRI0R8" failures="0" tests="3" name="ChromeTest" time="61.067" errors="0" timestamp="2024-07-11T20:21:11 IST">
  <testcase classname="DataProvider_Parralel.ParallelTestDemo" name="testUrl" time="0.031"/>
  <testcase classname="DataProvider_Parralel.ParallelTestDemo" name="testTitle" time="0.031"/>
  <testcase classname="DataProvider_Parralel.ParallelTestDemo" name="testLogo" time="5.059"/>
</testsuite> <!-- ChromeTest -->
