<?xml version="1.0" encoding="UTF-8"?>
<!-- Generated by org.testng.reporters.JUnitXMLReporter -->
<testsuite ignored="0" hostname="DESKTOP-ACRI0R8" failures="1" tests="3" name="Test" time="22.344" errors="0" timestamp="2024-07-12T20:57:03 IST">
  <testcase classname="ListenersDemo.OrangeHRM" name="testLogo" time="0.12"/>
  <testcase classname="ListenersDemo.OrangeHRM" name="testTitle" time="0.021">
    <failure type="junit.framework.ComparisonFailure" message="expected:&amp;lt;...&amp;gt; but was:&amp;lt;... _&amp;gt;">
      <![CDATA[junit.framework.ComparisonFailure: expected:<...> but was:<... _>
at junit.framework.Assert.assertEquals(Assert.java:81)
at junit.framework.Assert.assertEquals(Assert.java:87)
at ListenersDemo.OrangeHRM.testTitle(OrangeHRM.java:47)
at java.base/java.util.ArrayList.forEach(ArrayList.java:1596)
... Removed 25 stack frames]]>
    </failure>
  </testcase> <!-- testTitle -->
  <testcase classname="ListenersDemo.OrangeHRM" name="testUrl" time="0.0">
    <skipped/>
  </testcase> <!-- testUrl -->
</testsuite> <!-- Test -->
