<?xml version="1.0" encoding="UTF-8"?>
<testng-results ignored="0" total="1" passed="1" failed="0" skipped="0">
  <reporter-output>
  </reporter-output>
  <suite started-at="2024-07-17T22:18:08 IST" name="Default suite" finished-at="2024-07-17T22:18:29 IST" duration-ms="20308">
    <groups>
    </groups>
    <test started-at="2024-07-17T22:18:08 IST" name="Default test" finished-at="2024-07-17T22:18:29 IST" duration-ms="20308">
      <class name="pageFactoryDesign.testcasedemo">
        <test-method is-config="true" signature="setup()[pri:0, instance:pageFactoryDesign.testcasedemo@4f18837a]" started-at="2024-07-17T22:18:08 IST" name="setup" finished-at="2024-07-17T22:18:28 IST" duration-ms="19491" status="PASS">
          <reporter-output>
          </reporter-output>
        </test-method> <!-- setup -->
        <test-method signature="test_txtboxes()[pri:0, instance:pageFactoryDesign.testcasedemo@4f18837a]" started-at="2024-07-17T22:18:28 IST" name="test_txtboxes" finished-at="2024-07-17T22:18:28 IST" duration-ms="468" status="PASS">
          <reporter-output>
          </reporter-output>
        </test-method> <!-- test_txtboxes -->
        <test-method is-config="true" signature="teardown()[pri:0, instance:pageFactoryDesign.testcasedemo@4f18837a]" started-at="2024-07-17T22:18:28 IST" name="teardown" finished-at="2024-07-17T22:18:29 IST" duration-ms="283" status="PASS">
          <reporter-output>
          </reporter-output>
        </test-method> <!-- teardown -->
      </class> <!-- pageFactoryDesign.testcasedemo -->
    </test> <!-- Default test -->
  </suite> <!-- Default suite -->
</testng-results>
